<?xml version="1.0" encoding="UTF-8"?>
<testng-results skipped="0" failed="2" ignored="0" total="20" passed="18">
  <reporter-output>
  </reporter-output>
  <suite name="Default suite" duration-ms="429014" started-at="2019-08-07T10:20:34Z" finished-at="2019-08-07T10:27:43Z">
    <groups>
    </groups>
    <test name="Default test" duration-ms="429014" started-at="2019-08-07T10:20:34Z" finished-at="2019-08-07T10:27:43Z">
      <class name="com.bnc.lib.MastersGeneral">
        <test-method status="PASS" signature="login()[pri:0, instance:com.bnc.lib.MastersGeneral@29ee9faa]" name="login" is-config="true" duration-ms="6601" started-at="2019-08-07T15:50:34Z" finished-at="2019-08-07T15:50:41Z">
          <reporter-output>
          </reporter-output>
        </test-method> <!-- login -->
        <test-method status="PASS" signature="Area()[pri:0, instance:com.bnc.lib.MastersGeneral@29ee9faa]" name="Area" duration-ms="31750" started-at="2019-08-07T15:50:41Z" finished-at="2019-08-07T15:51:12Z">
          <reporter-output>
          </reporter-output>
        </test-method> <!-- Area -->
        <test-method status="PASS" signature="quit()[pri:0, instance:com.bnc.lib.MastersGeneral@29ee9faa]" name="quit" is-config="true" duration-ms="87" started-at="2019-08-07T15:51:12Z" finished-at="2019-08-07T15:51:13Z">
          <reporter-output>
          </reporter-output>
        </test-method> <!-- quit -->
        <test-method status="PASS" signature="login()[pri:0, instance:com.bnc.lib.MastersGeneral@29ee9faa]" name="login" is-config="true" duration-ms="6709" started-at="2019-08-07T15:51:13Z" finished-at="2019-08-07T15:51:19Z">
          <reporter-output>
          </reporter-output>
        </test-method> <!-- login -->
        <test-method status="PASS" signature="bank()[pri:0, instance:com.bnc.lib.MastersGeneral@29ee9faa]" name="bank" duration-ms="9853" started-at="2019-08-07T15:51:19Z" finished-at="2019-08-07T15:51:29Z">
          <reporter-output>
          </reporter-output>
        </test-method> <!-- bank -->
        <test-method status="PASS" signature="quit()[pri:0, instance:com.bnc.lib.MastersGeneral@29ee9faa]" name="quit" is-config="true" duration-ms="115" started-at="2019-08-07T15:51:29Z" finished-at="2019-08-07T15:51:29Z">
          <reporter-output>
          </reporter-output>
        </test-method> <!-- quit -->
        <test-method status="PASS" signature="login()[pri:0, instance:com.bnc.lib.MastersGeneral@29ee9faa]" name="login" is-config="true" duration-ms="5847" started-at="2019-08-07T15:51:29Z" finished-at="2019-08-07T15:51:35Z">
          <reporter-output>
          </reporter-output>
        </test-method> <!-- login -->
        <test-method status="PASS" signature="blockingType()[pri:0, instance:com.bnc.lib.MastersGeneral@29ee9faa]" name="blockingType" duration-ms="12281" started-at="2019-08-07T15:51:35Z" finished-at="2019-08-07T15:51:47Z">
          <reporter-output>
          </reporter-output>
        </test-method> <!-- blockingType -->
        <test-method status="PASS" signature="quit()[pri:0, instance:com.bnc.lib.MastersGeneral@29ee9faa]" name="quit" is-config="true" duration-ms="110" started-at="2019-08-07T15:51:47Z" finished-at="2019-08-07T15:51:47Z">
          <reporter-output>
          </reporter-output>
        </test-method> <!-- quit -->
        <test-method status="PASS" signature="login()[pri:0, instance:com.bnc.lib.MastersGeneral@29ee9faa]" name="login" is-config="true" duration-ms="6089" started-at="2019-08-07T15:51:47Z" finished-at="2019-08-07T15:51:54Z">
          <reporter-output>
          </reporter-output>
        </test-method> <!-- login -->
        <test-method status="FAIL" signature="customer()[pri:0, instance:com.bnc.lib.MastersGeneral@29ee9faa]" name="customer" duration-ms="17556" started-at="2019-08-07T15:51:54Z" finished-at="2019-08-07T15:52:11Z">
          <exception class="org.openqa.selenium.NoSuchElementException">
            <message>
              <![CDATA[no such element: Unable to locate element: {"method":"xpath","selector":"//*[@id='app']/div/div/div[2]/div[2]/div/div[2]/div[1]/div/div[1]/div/div[1]/div/div/div/div/div[1]/table/thead/tr/th[3]/span/i"}
  (Session info: chrome=69.0.3497.100)
  (Driver info: chromedriver=2.37.544315 (730aa6a5fdba159ac9f4c1e8cbc59bf1b5ce12b7),platform=Linux 4.4.0-157-generic x86_64) (WARNING: The server did not provide any stacktrace information)
Command duration or timeout: 0 milliseconds
For documentation on this error, please visit: http://seleniumhq.org/exceptions/no_such_element.html
Build info: version: '3.7.1', revision: '8a0099a', time: '2017-11-06T21:01:39.354Z'
System info: host: 'sbv6-Vostro-3268', ip: '127.0.1.1', os.name: 'Linux', os.arch: 'amd64', os.version: '4.4.0-157-generic', java.version: '1.8.0_222'
Driver info: org.openqa.selenium.chrome.ChromeDriver
Capabilities {acceptInsecureCerts: false, acceptSslCerts: false, applicationCacheEnabled: false, browserConnectionEnabled: false, browserName: chrome, chrome: {chromedriverVersion: 2.37.544315 (730aa6a5fdba15..., userDataDir: /tmp/.org.chromium.Chromium...}, cssSelectorsEnabled: true, databaseEnabled: false, handlesAlerts: true, hasTouchScreen: false, javascriptEnabled: true, locationContextEnabled: true, mobileEmulationEnabled: false, nativeEvents: true, networkConnectionEnabled: false, pageLoadStrategy: normal, platform: LINUX, platformName: LINUX, rotatable: false, setWindowRect: true, takesHeapSnapshot: true, takesScreenshot: true, unexpectedAlertBehaviour: , unhandledPromptBehavior: , version: 69.0.3497.100, webStorageEnabled: true}
Session ID: 892d8e781b7126e339fce54dcfbbcaaf
*** Element info: {Using=xpath, value=//*[@id='app']/div/div/div[2]/div[2]/div/div[2]/div[1]/div/div[1]/div/div[1]/div/div/div/div/div[1]/table/thead/tr/th[3]/span/i}]]>
            </message>
            <full-stacktrace>
              <![CDATA[org.openqa.selenium.NoSuchElementException: no such element: Unable to locate element: {"method":"xpath","selector":"//*[@id='app']/div/div/div[2]/div[2]/div/div[2]/div[1]/div/div[1]/div/div[1]/div/div/div/div/div[1]/table/thead/tr/th[3]/span/i"}
  (Session info: chrome=69.0.3497.100)
  (Driver info: chromedriver=2.37.544315 (730aa6a5fdba159ac9f4c1e8cbc59bf1b5ce12b7),platform=Linux 4.4.0-157-generic x86_64) (WARNING: The server did not provide any stacktrace information)
Command duration or timeout: 0 milliseconds
For documentation on this error, please visit: http://seleniumhq.org/exceptions/no_such_element.html
Build info: version: '3.7.1', revision: '8a0099a', time: '2017-11-06T21:01:39.354Z'
System info: host: 'sbv6-Vostro-3268', ip: '127.0.1.1', os.name: 'Linux', os.arch: 'amd64', os.version: '4.4.0-157-generic', java.version: '1.8.0_222'
Driver info: org.openqa.selenium.chrome.ChromeDriver
Capabilities {acceptInsecureCerts: false, acceptSslCerts: false, applicationCacheEnabled: false, browserConnectionEnabled: false, browserName: chrome, chrome: {chromedriverVersion: 2.37.544315 (730aa6a5fdba15..., userDataDir: /tmp/.org.chromium.Chromium...}, cssSelectorsEnabled: true, databaseEnabled: false, handlesAlerts: true, hasTouchScreen: false, javascriptEnabled: true, locationContextEnabled: true, mobileEmulationEnabled: false, nativeEvents: true, networkConnectionEnabled: false, pageLoadStrategy: normal, platform: LINUX, platformName: LINUX, rotatable: false, setWindowRect: true, takesHeapSnapshot: true, takesScreenshot: true, unexpectedAlertBehaviour: , unhandledPromptBehavior: , version: 69.0.3497.100, webStorageEnabled: true}
Session ID: 892d8e781b7126e339fce54dcfbbcaaf
*** Element info: {Using=xpath, value=//*[@id='app']/div/div/div[2]/div[2]/div/div[2]/div[1]/div/div[1]/div/div[1]/div/div/div/div/div[1]/table/thead/tr/th[3]/span/i}
	at sun.reflect.NativeConstructorAccessorImpl.newInstance0(Native Method)
	at sun.reflect.NativeConstructorAccessorImpl.newInstance(NativeConstructorAccessorImpl.java:62)
	at sun.reflect.DelegatingConstructorAccessorImpl.newInstance(DelegatingConstructorAccessorImpl.java:45)
	at java.lang.reflect.Constructor.newInstance(Constructor.java:423)
	at org.openqa.selenium.remote.ErrorHandler.createThrowable(ErrorHandler.java:214)
	at org.openqa.selenium.remote.ErrorHandler.throwIfResponseFailed(ErrorHandler.java:166)
	at org.openqa.selenium.remote.http.JsonHttpResponseCodec.reconstructValue(JsonHttpResponseCodec.java:40)
	at org.openqa.selenium.remote.http.AbstractHttpResponseCodec.decode(AbstractHttpResponseCodec.java:80)
	at org.openqa.selenium.remote.http.AbstractHttpResponseCodec.decode(AbstractHttpResponseCodec.java:44)
	at org.openqa.selenium.remote.HttpCommandExecutor.execute(HttpCommandExecutor.java:164)
	at org.openqa.selenium.remote.service.DriverCommandExecutor.execute(DriverCommandExecutor.java:83)
	at org.openqa.selenium.remote.RemoteWebDriver.execute(RemoteWebDriver.java:600)
	at org.openqa.selenium.remote.RemoteWebDriver.findElement(RemoteWebDriver.java:370)
	at org.openqa.selenium.remote.RemoteWebDriver.findElementByXPath(RemoteWebDriver.java:472)
	at org.openqa.selenium.By$ByXPath.findElement(By.java:361)
	at org.openqa.selenium.remote.RemoteWebDriver.findElement(RemoteWebDriver.java:362)
	at com.bnc.lib.MastersGeneral.customer(MastersGeneral.java:393)
	at sun.reflect.NativeMethodAccessorImpl.invoke0(Native Method)
	at sun.reflect.NativeMethodAccessorImpl.invoke(NativeMethodAccessorImpl.java:62)
	at sun.reflect.DelegatingMethodAccessorImpl.invoke(DelegatingMethodAccessorImpl.java:43)
	at java.lang.reflect.Method.invoke(Method.java:498)
	at org.testng.internal.MethodInvocationHelper.invokeMethod(MethodInvocationHelper.java:108)
	at org.testng.internal.Invoker.invokeMethod(Invoker.java:661)
	at org.testng.internal.Invoker.invokeTestMethod(Invoker.java:869)
	at org.testng.internal.Invoker.invokeTestMethods(Invoker.java:1193)
	at org.testng.internal.TestMethodWorker.invokeTestMethods(TestMethodWorker.java:126)
	at org.testng.internal.TestMethodWorker.run(TestMethodWorker.java:109)
	at org.testng.TestRunner.privateRun(TestRunner.java:744)
	at org.testng.TestRunner.run(TestRunner.java:602)
	at org.testng.SuiteRunner.runTest(SuiteRunner.java:380)
	at org.testng.SuiteRunner.runSequentially(SuiteRunner.java:375)
	at org.testng.SuiteRunner.privateRun(SuiteRunner.java:340)
	at org.testng.SuiteRunner.run(SuiteRunner.java:289)
	at org.testng.SuiteRunnerWorker.runSuite(SuiteRunnerWorker.java:52)
	at org.testng.SuiteRunnerWorker.run(SuiteRunnerWorker.java:86)
	at org.testng.TestNG.runSuitesSequentially(TestNG.java:1301)
	at org.testng.TestNG.runSuitesLocally(TestNG.java:1226)
	at org.testng.TestNG.runSuites(TestNG.java:1144)
	at org.testng.TestNG.run(TestNG.java:1115)
	at org.testng.remote.AbstractRemoteTestNG.run(AbstractRemoteTestNG.java:114)
	at org.testng.remote.RemoteTestNG.initAndRun(RemoteTestNG.java:251)
	at org.testng.remote.RemoteTestNG.main(RemoteTestNG.java:77)
]]>
            </full-stacktrace>
          </exception> <!-- org.openqa.selenium.NoSuchElementException -->
          <reporter-output>
          </reporter-output>
        </test-method> <!-- customer -->
        <test-method status="PASS" signature="quit()[pri:0, instance:com.bnc.lib.MastersGeneral@29ee9faa]" name="quit" is-config="true" duration-ms="115" started-at="2019-08-07T15:52:11Z" finished-at="2019-08-07T15:52:11Z">
          <reporter-output>
          </reporter-output>
        </test-method> <!-- quit -->
        <test-method status="PASS" signature="login()[pri:0, instance:com.bnc.lib.MastersGeneral@29ee9faa]" name="login" is-config="true" duration-ms="6089" started-at="2019-08-07T15:52:11Z" finished-at="2019-08-07T15:52:17Z">
          <reporter-output>
          </reporter-output>
        </test-method> <!-- login -->
        <test-method status="PASS" signature="functionSubFunction()[pri:0, instance:com.bnc.lib.MastersGeneral@29ee9faa]" name="functionSubFunction" duration-ms="14675" started-at="2019-08-07T15:52:17Z" finished-at="2019-08-07T15:52:32Z">
          <reporter-output>
          </reporter-output>
        </test-method> <!-- functionSubFunction -->
        <test-method status="PASS" signature="quit()[pri:0, instance:com.bnc.lib.MastersGeneral@29ee9faa]" name="quit" is-config="true" duration-ms="109" started-at="2019-08-07T15:52:32Z" finished-at="2019-08-07T15:52:32Z">
          <reporter-output>
          </reporter-output>
        </test-method> <!-- quit -->
        <test-method status="PASS" signature="login()[pri:0, instance:com.bnc.lib.MastersGeneral@29ee9faa]" name="login" is-config="true" duration-ms="5877" started-at="2019-08-07T15:52:32Z" finished-at="2019-08-07T15:52:38Z">
          <reporter-output>
          </reporter-output>
        </test-method> <!-- login -->
        <test-method status="PASS" signature="industryType()[pri:0, instance:com.bnc.lib.MastersGeneral@29ee9faa]" name="industryType" duration-ms="11447" started-at="2019-08-07T15:52:38Z" finished-at="2019-08-07T15:52:49Z">
          <reporter-output>
          </reporter-output>
        </test-method> <!-- industryType -->
        <test-method status="PASS" signature="quit()[pri:0, instance:com.bnc.lib.MastersGeneral@29ee9faa]" name="quit" is-config="true" duration-ms="109" started-at="2019-08-07T15:52:49Z" finished-at="2019-08-07T15:52:50Z">
          <reporter-output>
          </reporter-output>
        </test-method> <!-- quit -->
        <test-method status="PASS" signature="login()[pri:0, instance:com.bnc.lib.MastersGeneral@29ee9faa]" name="login" is-config="true" duration-ms="6074" started-at="2019-08-07T15:52:50Z" finished-at="2019-08-07T15:52:56Z">
          <reporter-output>
          </reporter-output>
        </test-method> <!-- login -->
        <test-method status="PASS" signature="invoiceVoidReaon()[pri:0, instance:com.bnc.lib.MastersGeneral@29ee9faa]" name="invoiceVoidReaon" duration-ms="4447" started-at="2019-08-07T15:52:56Z" finished-at="2019-08-07T15:53:00Z">
          <reporter-output>
          </reporter-output>
        </test-method> <!-- invoiceVoidReaon -->
        <test-method status="PASS" signature="quit()[pri:0, instance:com.bnc.lib.MastersGeneral@29ee9faa]" name="quit" is-config="true" duration-ms="109" started-at="2019-08-07T15:53:00Z" finished-at="2019-08-07T15:53:00Z">
          <reporter-output>
          </reporter-output>
        </test-method> <!-- quit -->
        <test-method status="PASS" signature="login()[pri:0, instance:com.bnc.lib.MastersGeneral@29ee9faa]" name="login" is-config="true" duration-ms="5627" started-at="2019-08-07T15:53:00Z" finished-at="2019-08-07T15:53:06Z">
          <reporter-output>
          </reporter-output>
        </test-method> <!-- login -->
        <test-method status="PASS" signature="itemCategeoryItemGroup()[pri:0, instance:com.bnc.lib.MastersGeneral@29ee9faa]" name="itemCategeoryItemGroup" duration-ms="15994" started-at="2019-08-07T15:53:06Z" finished-at="2019-08-07T15:53:22Z">
          <reporter-output>
          </reporter-output>
        </test-method> <!-- itemCategeoryItemGroup -->
        <test-method status="PASS" signature="quit()[pri:0, instance:com.bnc.lib.MastersGeneral@29ee9faa]" name="quit" is-config="true" duration-ms="120" started-at="2019-08-07T15:53:22Z" finished-at="2019-08-07T15:53:22Z">
          <reporter-output>
          </reporter-output>
        </test-method> <!-- quit -->
        <test-method status="PASS" signature="login()[pri:0, instance:com.bnc.lib.MastersGeneral@29ee9faa]" name="login" is-config="true" duration-ms="6005" started-at="2019-08-07T15:53:22Z" finished-at="2019-08-07T15:53:28Z">
          <reporter-output>
          </reporter-output>
        </test-method> <!-- login -->
        <test-method status="PASS" signature="itemGroupItemSubGroup()[pri:0, instance:com.bnc.lib.MastersGeneral@29ee9faa]" name="itemGroupItemSubGroup" duration-ms="13139" started-at="2019-08-07T15:53:28Z" finished-at="2019-08-07T15:53:41Z">
          <reporter-output>
          </reporter-output>
        </test-method> <!-- itemGroupItemSubGroup -->
        <test-method status="PASS" signature="quit()[pri:0, instance:com.bnc.lib.MastersGeneral@29ee9faa]" name="quit" is-config="true" duration-ms="115" started-at="2019-08-07T15:53:41Z" finished-at="2019-08-07T15:53:41Z">
          <reporter-output>
          </reporter-output>
        </test-method> <!-- quit -->
        <test-method status="PASS" signature="login()[pri:0, instance:com.bnc.lib.MastersGeneral@29ee9faa]" name="login" is-config="true" duration-ms="6300" started-at="2019-08-07T15:53:41Z" finished-at="2019-08-07T15:53:47Z">
          <reporter-output>
          </reporter-output>
        </test-method> <!-- login -->
        <test-method status="PASS" signature="menu()[pri:0, instance:com.bnc.lib.MastersGeneral@29ee9faa]" name="menu" duration-ms="20781" started-at="2019-08-07T15:53:47Z" finished-at="2019-08-07T15:54:08Z">
          <reporter-output>
          </reporter-output>
        </test-method> <!-- menu -->
        <test-method status="PASS" signature="quit()[pri:0, instance:com.bnc.lib.MastersGeneral@29ee9faa]" name="quit" is-config="true" duration-ms="124" started-at="2019-08-07T15:54:08Z" finished-at="2019-08-07T15:54:08Z">
          <reporter-output>
          </reporter-output>
        </test-method> <!-- quit -->
        <test-method status="PASS" signature="login()[pri:0, instance:com.bnc.lib.MastersGeneral@29ee9faa]" name="login" is-config="true" duration-ms="6025" started-at="2019-08-07T15:54:08Z" finished-at="2019-08-07T15:54:14Z">
          <reporter-output>
          </reporter-output>
        </test-method> <!-- login -->
        <test-method status="FAIL" signature="menuPackage()[pri:0, instance:com.bnc.lib.MastersGeneral@29ee9faa]" name="menuPackage" duration-ms="18813" started-at="2019-08-07T15:54:14Z" finished-at="2019-08-07T15:54:33Z">
          <exception class="org.openqa.selenium.ElementNotVisibleException">
            <message>
              <![CDATA[element not visible
  (Session info: chrome=69.0.3497.100)
  (Driver info: chromedriver=2.37.544315 (730aa6a5fdba159ac9f4c1e8cbc59bf1b5ce12b7),platform=Linux 4.4.0-157-generic x86_64) (WARNING: The server did not provide any stacktrace information)
Command duration or timeout: 0 milliseconds
Build info: version: '3.7.1', revision: '8a0099a', time: '2017-11-06T21:01:39.354Z'
System info: host: 'sbv6-Vostro-3268', ip: '127.0.1.1', os.name: 'Linux', os.arch: 'amd64', os.version: '4.4.0-157-generic', java.version: '1.8.0_222'
Driver info: org.openqa.selenium.chrome.ChromeDriver
Capabilities {acceptInsecureCerts: false, acceptSslCerts: false, applicationCacheEnabled: false, browserConnectionEnabled: false, browserName: chrome, chrome: {chromedriverVersion: 2.37.544315 (730aa6a5fdba15..., userDataDir: /tmp/.org.chromium.Chromium...}, cssSelectorsEnabled: true, databaseEnabled: false, handlesAlerts: true, hasTouchScreen: false, javascriptEnabled: true, locationContextEnabled: true, mobileEmulationEnabled: false, nativeEvents: true, networkConnectionEnabled: false, pageLoadStrategy: normal, platform: LINUX, platformName: LINUX, rotatable: false, setWindowRect: true, takesHeapSnapshot: true, takesScreenshot: true, unexpectedAlertBehaviour: , unhandledPromptBehavior: , version: 69.0.3497.100, webStorageEnabled: true}
Session ID: 8b8f7031cfee7e3943fd741dadad7b3b]]>
            </message>
            <full-stacktrace>
              <![CDATA[org.openqa.selenium.ElementNotVisibleException: element not visible
  (Session info: chrome=69.0.3497.100)
  (Driver info: chromedriver=2.37.544315 (730aa6a5fdba159ac9f4c1e8cbc59bf1b5ce12b7),platform=Linux 4.4.0-157-generic x86_64) (WARNING: The server did not provide any stacktrace information)
Command duration or timeout: 0 milliseconds
Build info: version: '3.7.1', revision: '8a0099a', time: '2017-11-06T21:01:39.354Z'
System info: host: 'sbv6-Vostro-3268', ip: '127.0.1.1', os.name: 'Linux', os.arch: 'amd64', os.version: '4.4.0-157-generic', java.version: '1.8.0_222'
Driver info: org.openqa.selenium.chrome.ChromeDriver
Capabilities {acceptInsecureCerts: false, acceptSslCerts: false, applicationCacheEnabled: false, browserConnectionEnabled: false, browserName: chrome, chrome: {chromedriverVersion: 2.37.544315 (730aa6a5fdba15..., userDataDir: /tmp/.org.chromium.Chromium...}, cssSelectorsEnabled: true, databaseEnabled: false, handlesAlerts: true, hasTouchScreen: false, javascriptEnabled: true, locationContextEnabled: true, mobileEmulationEnabled: false, nativeEvents: true, networkConnectionEnabled: false, pageLoadStrategy: normal, platform: LINUX, platformName: LINUX, rotatable: false, setWindowRect: true, takesHeapSnapshot: true, takesScreenshot: true, unexpectedAlertBehaviour: , unhandledPromptBehavior: , version: 69.0.3497.100, webStorageEnabled: true}
Session ID: 8b8f7031cfee7e3943fd741dadad7b3b
	at sun.reflect.NativeConstructorAccessorImpl.newInstance0(Native Method)
	at sun.reflect.NativeConstructorAccessorImpl.newInstance(NativeConstructorAccessorImpl.java:62)
	at sun.reflect.DelegatingConstructorAccessorImpl.newInstance(DelegatingConstructorAccessorImpl.java:45)
	at java.lang.reflect.Constructor.newInstance(Constructor.java:423)
	at org.openqa.selenium.remote.ErrorHandler.createThrowable(ErrorHandler.java:214)
	at org.openqa.selenium.remote.ErrorHandler.throwIfResponseFailed(ErrorHandler.java:166)
	at org.openqa.selenium.remote.http.JsonHttpResponseCodec.reconstructValue(JsonHttpResponseCodec.java:40)
	at org.openqa.selenium.remote.http.AbstractHttpResponseCodec.decode(AbstractHttpResponseCodec.java:80)
	at org.openqa.selenium.remote.http.AbstractHttpResponseCodec.decode(AbstractHttpResponseCodec.java:44)
	at org.openqa.selenium.remote.HttpCommandExecutor.execute(HttpCommandExecutor.java:164)
	at org.openqa.selenium.remote.service.DriverCommandExecutor.execute(DriverCommandExecutor.java:83)
	at org.openqa.selenium.remote.RemoteWebDriver.execute(RemoteWebDriver.java:600)
	at org.openqa.selenium.remote.RemoteWebElement.execute(RemoteWebElement.java:279)
	at org.openqa.selenium.remote.RemoteWebElement.click(RemoteWebElement.java:83)
	at com.bnc.lib.MastersGeneral.menuPackage(MastersGeneral.java:1038)
	at sun.reflect.NativeMethodAccessorImpl.invoke0(Native Method)
	at sun.reflect.NativeMethodAccessorImpl.invoke(NativeMethodAccessorImpl.java:62)
	at sun.reflect.DelegatingMethodAccessorImpl.invoke(DelegatingMethodAccessorImpl.java:43)
	at java.lang.reflect.Method.invoke(Method.java:498)
	at org.testng.internal.MethodInvocationHelper.invokeMethod(MethodInvocationHelper.java:108)
	at org.testng.internal.Invoker.invokeMethod(Invoker.java:661)
	at org.testng.internal.Invoker.invokeTestMethod(Invoker.java:869)
	at org.testng.internal.Invoker.invokeTestMethods(Invoker.java:1193)
	at org.testng.internal.TestMethodWorker.invokeTestMethods(TestMethodWorker.java:126)
	at org.testng.internal.TestMethodWorker.run(TestMethodWorker.java:109)
	at org.testng.TestRunner.privateRun(TestRunner.java:744)
	at org.testng.TestRunner.run(TestRunner.java:602)
	at org.testng.SuiteRunner.runTest(SuiteRunner.java:380)
	at org.testng.SuiteRunner.runSequentially(SuiteRunner.java:375)
	at org.testng.SuiteRunner.privateRun(SuiteRunner.java:340)
	at org.testng.SuiteRunner.run(SuiteRunner.java:289)
	at org.testng.SuiteRunnerWorker.runSuite(SuiteRunnerWorker.java:52)
	at org.testng.SuiteRunnerWorker.run(SuiteRunnerWorker.java:86)
	at org.testng.TestNG.runSuitesSequentially(TestNG.java:1301)
	at org.testng.TestNG.runSuitesLocally(TestNG.java:1226)
	at org.testng.TestNG.runSuites(TestNG.java:1144)
	at org.testng.TestNG.run(TestNG.java:1115)
	at org.testng.remote.AbstractRemoteTestNG.run(AbstractRemoteTestNG.java:114)
	at org.testng.remote.RemoteTestNG.initAndRun(RemoteTestNG.java:251)
	at org.testng.remote.RemoteTestNG.main(RemoteTestNG.java:77)
]]>
            </full-stacktrace>
          </exception> <!-- org.openqa.selenium.ElementNotVisibleException -->
          <reporter-output>
          </reporter-output>
        </test-method> <!-- menuPackage -->
        <test-method status="PASS" signature="quit()[pri:0, instance:com.bnc.lib.MastersGeneral@29ee9faa]" name="quit" is-config="true" duration-ms="112" started-at="2019-08-07T15:54:33Z" finished-at="2019-08-07T15:54:33Z">
          <reporter-output>
          </reporter-output>
        </test-method> <!-- quit -->
        <test-method status="PASS" signature="login()[pri:0, instance:com.bnc.lib.MastersGeneral@29ee9faa]" name="login" is-config="true" duration-ms="6251" started-at="2019-08-07T15:54:33Z" finished-at="2019-08-07T15:54:40Z">
          <reporter-output>
          </reporter-output>
        </test-method> <!-- login -->
        <test-method status="PASS" signature="organization()[pri:0, instance:com.bnc.lib.MastersGeneral@29ee9faa]" name="organization" duration-ms="19965" started-at="2019-08-07T15:54:40Z" finished-at="2019-08-07T15:55:00Z">
          <reporter-output>
          </reporter-output>
        </test-method> <!-- organization -->
        <test-method status="PASS" signature="quit()[pri:0, instance:com.bnc.lib.MastersGeneral@29ee9faa]" name="quit" is-config="true" duration-ms="122" started-at="2019-08-07T15:55:00Z" finished-at="2019-08-07T15:55:00Z">
          <reporter-output>
          </reporter-output>
        </test-method> <!-- quit -->
        <test-method status="PASS" signature="login()[pri:0, instance:com.bnc.lib.MastersGeneral@29ee9faa]" name="login" is-config="true" duration-ms="6199" started-at="2019-08-07T15:55:00Z" finished-at="2019-08-07T15:55:06Z">
          <reporter-output>
          </reporter-output>
        </test-method> <!-- login -->
        <test-method status="PASS" signature="paymentGateWay()[pri:0, instance:com.bnc.lib.MastersGeneral@29ee9faa]" name="paymentGateWay" duration-ms="10924" started-at="2019-08-07T15:55:06Z" finished-at="2019-08-07T15:55:17Z">
          <reporter-output>
          </reporter-output>
        </test-method> <!-- paymentGateWay -->
        <test-method status="PASS" signature="quit()[pri:0, instance:com.bnc.lib.MastersGeneral@29ee9faa]" name="quit" is-config="true" duration-ms="112" started-at="2019-08-07T15:55:17Z" finished-at="2019-08-07T15:55:17Z">
          <reporter-output>
          </reporter-output>
        </test-method> <!-- quit -->
        <test-method status="PASS" signature="login()[pri:0, instance:com.bnc.lib.MastersGeneral@29ee9faa]" name="login" is-config="true" duration-ms="6043" started-at="2019-08-07T15:55:17Z" finished-at="2019-08-07T15:55:23Z">
          <reporter-output>
          </reporter-output>
        </test-method> <!-- login -->
        <test-method status="PASS" signature="salesPerson()[pri:0, instance:com.bnc.lib.MastersGeneral@29ee9faa]" name="salesPerson" duration-ms="17259" started-at="2019-08-07T15:55:23Z" finished-at="2019-08-07T15:55:40Z">
          <reporter-output>
          </reporter-output>
        </test-method> <!-- salesPerson -->
        <test-method status="PASS" signature="quit()[pri:0, instance:com.bnc.lib.MastersGeneral@29ee9faa]" name="quit" is-config="true" duration-ms="110" started-at="2019-08-07T15:55:40Z" finished-at="2019-08-07T15:55:40Z">
          <reporter-output>
          </reporter-output>
        </test-method> <!-- quit -->
        <test-method status="PASS" signature="login()[pri:0, instance:com.bnc.lib.MastersGeneral@29ee9faa]" name="login" is-config="true" duration-ms="5842" started-at="2019-08-07T15:55:40Z" finished-at="2019-08-07T15:55:46Z">
          <reporter-output>
          </reporter-output>
        </test-method> <!-- login -->
        <test-method status="PASS" signature="seatingType()[pri:0, instance:com.bnc.lib.MastersGeneral@29ee9faa]" name="seatingType" duration-ms="11088" started-at="2019-08-07T15:55:46Z" finished-at="2019-08-07T15:55:57Z">
          <reporter-output>
          </reporter-output>
        </test-method> <!-- seatingType -->
        <test-method status="PASS" signature="quit()[pri:0, instance:com.bnc.lib.MastersGeneral@29ee9faa]" name="quit" is-config="true" duration-ms="62" started-at="2019-08-07T15:55:57Z" finished-at="2019-08-07T15:55:57Z">
          <reporter-output>
          </reporter-output>
        </test-method> <!-- quit -->
        <test-method status="PASS" signature="login()[pri:0, instance:com.bnc.lib.MastersGeneral@29ee9faa]" name="login" is-config="true" duration-ms="6137" started-at="2019-08-07T15:55:57Z" finished-at="2019-08-07T15:56:03Z">
          <reporter-output>
          </reporter-output>
        </test-method> <!-- login -->
        <test-method status="PASS" signature="service()[pri:0, instance:com.bnc.lib.MastersGeneral@29ee9faa]" name="service" duration-ms="17071" started-at="2019-08-07T15:56:03Z" finished-at="2019-08-07T15:56:21Z">
          <reporter-output>
          </reporter-output>
        </test-method> <!-- service -->
        <test-method status="PASS" signature="quit()[pri:0, instance:com.bnc.lib.MastersGeneral@29ee9faa]" name="quit" is-config="true" duration-ms="73" started-at="2019-08-07T15:56:21Z" finished-at="2019-08-07T15:56:21Z">
          <reporter-output>
          </reporter-output>
        </test-method> <!-- quit -->
        <test-method status="PASS" signature="login()[pri:0, instance:com.bnc.lib.MastersGeneral@29ee9faa]" name="login" is-config="true" duration-ms="5992" started-at="2019-08-07T15:56:21Z" finished-at="2019-08-07T15:56:27Z">
          <reporter-output>
          </reporter-output>
        </test-method> <!-- login -->
        <test-method status="PASS" signature="taxCategeory()[pri:0, instance:com.bnc.lib.MastersGeneral@29ee9faa]" name="taxCategeory" duration-ms="11201" started-at="2019-08-07T15:56:27Z" finished-at="2019-08-07T15:56:38Z">
          <reporter-output>
          </reporter-output>
        </test-method> <!-- taxCategeory -->
        <test-method status="PASS" signature="quit()[pri:0, instance:com.bnc.lib.MastersGeneral@29ee9faa]" name="quit" is-config="true" duration-ms="117" started-at="2019-08-07T15:56:38Z" finished-at="2019-08-07T15:56:38Z">
          <reporter-output>
          </reporter-output>
        </test-method> <!-- quit -->
        <test-method status="PASS" signature="login()[pri:0, instance:com.bnc.lib.MastersGeneral@29ee9faa]" name="login" is-config="true" duration-ms="5904" started-at="2019-08-07T15:56:38Z" finished-at="2019-08-07T15:56:44Z">
          <reporter-output>
          </reporter-output>
        </test-method> <!-- login -->
        <test-method status="PASS" signature="taxGroup()[pri:0, instance:com.bnc.lib.MastersGeneral@29ee9faa]" name="taxGroup" duration-ms="13765" started-at="2019-08-07T15:56:44Z" finished-at="2019-08-07T15:56:58Z">
          <reporter-output>
          </reporter-output>
        </test-method> <!-- taxGroup -->
        <test-method status="PASS" signature="quit()[pri:0, instance:com.bnc.lib.MastersGeneral@29ee9faa]" name="quit" is-config="true" duration-ms="111" started-at="2019-08-07T15:56:58Z" finished-at="2019-08-07T15:56:58Z">
          <reporter-output>
          </reporter-output>
        </test-method> <!-- quit -->
        <test-method status="PASS" signature="login()[pri:0, instance:com.bnc.lib.MastersGeneral@29ee9faa]" name="login" is-config="true" duration-ms="6127" started-at="2019-08-07T15:56:58Z" finished-at="2019-08-07T15:57:04Z">
          <reporter-output>
          </reporter-output>
        </test-method> <!-- login -->
        <test-method status="PASS" signature="taxStructure()[pri:0, instance:com.bnc.lib.MastersGeneral@29ee9faa]" name="taxStructure" duration-ms="13722" started-at="2019-08-07T15:57:04Z" finished-at="2019-08-07T15:57:18Z">
          <reporter-output>
          </reporter-output>
        </test-method> <!-- taxStructure -->
        <test-method status="PASS" signature="quit()[pri:0, instance:com.bnc.lib.MastersGeneral@29ee9faa]" name="quit" is-config="true" duration-ms="114" started-at="2019-08-07T15:57:18Z" finished-at="2019-08-07T15:57:18Z">
          <reporter-output>
          </reporter-output>
        </test-method> <!-- quit -->
        <test-method status="PASS" signature="login()[pri:0, instance:com.bnc.lib.MastersGeneral@29ee9faa]" name="login" is-config="true" duration-ms="6201" started-at="2019-08-07T15:57:18Z" finished-at="2019-08-07T15:57:24Z">
          <reporter-output>
          </reporter-output>
        </test-method> <!-- login -->
        <test-method status="PASS" signature="vendor()[pri:0, instance:com.bnc.lib.MastersGeneral@29ee9faa]" name="vendor" duration-ms="19111" started-at="2019-08-07T15:57:24Z" finished-at="2019-08-07T15:57:43Z">
          <reporter-output>
          </reporter-output>
        </test-method> <!-- vendor -->
        <test-method status="PASS" signature="quit()[pri:0, instance:com.bnc.lib.MastersGeneral@29ee9faa]" name="quit" is-config="true" duration-ms="117" started-at="2019-08-07T15:57:43Z" finished-at="2019-08-07T15:57:43Z">
          <reporter-output>
          </reporter-output>
        </test-method> <!-- quit -->
      </class> <!-- com.bnc.lib.MastersGeneral -->
    </test> <!-- Default test -->
  </suite> <!-- Default suite -->
</testng-results>
